<?xml version="1.0" encoding="UTF-8"?>
<testsuite xmlns:xsi="http://www.w3.org/2001/XMLSchema-instance" xsi:noNamespaceSchemaLocation="https://maven.apache.org/surefire/maven-surefire-plugin/xsd/surefire-test-report-3.0.xsd" version="3.0" name="com.wrapper.service.SymmetricWrapperTest" time="0.943" tests="4" errors="0" skipped="0" failures="0">
  <properties>
[...]
</properties>
  <testcase name="testSymmetricEncryptionUsingDefaultKey" classname="com.wrapper.service.SymmetricWrapperTest" time="0.161">
    <system-out><![CDATA[04:34:58.303 [main] DEBUG org.springframework.test.context.BootstrapUtils - Instantiating CacheAwareContextLoaderDelegate from class [org.springframework.test.context.cache.DefaultCacheAwareContextLoaderDelegate]
04:34:58.307 [main] DEBUG org.springframework.test.context.BootstrapUtils - Instantiating BootstrapContext using constructor [public org.springframework.test.context.support.DefaultBootstrapContext(java.lang.Class,org.springframework.test.context.CacheAwareContextLoaderDelegate)]
04:34:58.324 [main] DEBUG org.springframework.test.context.BootstrapUtils - Instantiating TestContextBootstrapper for test class [com.wrapper.service.SymmetricWrapperTest] from class [org.springframework.boot.test.context.SpringBootTestContextBootstrapper]
04:34:58.330 [main] INFO org.springframework.boot.test.context.SpringBootTestContextBootstrapper - Neither @ContextConfiguration nor @ContextHierarchy found for test class [com.wrapper.service.SymmetricWrapperTest], using SpringBootContextLoader
04:34:58.331 [main] DEBUG org.springframework.test.context.support.AbstractContextLoader - Did not detect default resource location for test class [com.wrapper.service.SymmetricWrapperTest]: class path resource [com/wrapper/service/SymmetricWrapperTest-context.xml] does not exist
04:34:58.331 [main] DEBUG org.springframework.test.context.support.AbstractContextLoader - Did not detect default resource location for test class [com.wrapper.service.SymmetricWrapperTest]: class path resource [com/wrapper/service/SymmetricWrapperTestContext.groovy] does not exist
04:34:58.331 [main] INFO org.springframework.test.context.support.AbstractContextLoader - Could not detect default resource locations for test class [com.wrapper.service.SymmetricWrapperTest]: no resource found for suffixes {-context.xml, Context.groovy}.
04:34:58.346 [main] DEBUG org.springframework.test.context.support.ActiveProfilesUtils - Could not find an 'annotation declaring class' for annotation type [org.springframework.test.context.ActiveProfiles] and class [com.wrapper.service.SymmetricWrapperTest]
04:34:58.392 [main] DEBUG org.springframework.boot.test.context.SpringBootTestContextBootstrapper - @TestExecutionListeners is not present for class [com.wrapper.service.SymmetricWrapperTest]: using defaults.
04:34:58.392 [main] INFO org.springframework.boot.test.context.SpringBootTestContextBootstrapper - Loaded default TestExecutionListener class names from location [META-INF/spring.factories]: [org.springframework.boot.test.mock.mockito.MockitoTestExecutionListener, org.springframework.boot.test.mock.mockito.ResetMocksTestExecutionListener, org.springframework.boot.test.autoconfigure.restdocs.RestDocsTestExecutionListener, org.springframework.boot.test.autoconfigure.web.client.MockRestServiceServerResetTestExecutionListener, org.springframework.boot.test.autoconfigure.web.servlet.MockMvcPrintOnlyOnFailureTestExecutionListener, org.springframework.boot.test.autoconfigure.web.servlet.WebDriverTestExecutionListener, org.springframework.boot.test.autoconfigure.webservices.client.MockWebServiceServerTestExecutionListener, org.springframework.test.context.web.ServletTestExecutionListener, org.springframework.test.context.support.DirtiesContextBeforeModesTestExecutionListener, org.springframework.test.context.event.ApplicationEventsTestExecutionListener, org.springframework.test.context.support.DependencyInjectionTestExecutionListener, org.springframework.test.context.support.DirtiesContextTestExecutionListener, org.springframework.test.context.transaction.TransactionalTestExecutionListener, org.springframework.test.context.jdbc.SqlScriptsTestExecutionListener, org.springframework.test.context.event.EventPublishingTestExecutionListener]
04:34:58.395 [main] DEBUG org.springframework.boot.test.context.SpringBootTestContextBootstrapper - Skipping candidate TestExecutionListener [org.springframework.test.context.web.ServletTestExecutionListener] due to a missing dependency. Specify custom listener classes or make the default listener classes and their required dependencies available. Offending class: [javax/servlet/ServletContext]
04:34:58.396 [main] DEBUG org.springframework.boot.test.context.SpringBootTestContextBootstrapper - Skipping candidate TestExecutionListener [org.springframework.test.context.transaction.TransactionalTestExecutionListener] due to a missing dependency. Specify custom listener classes or make the default listener classes and their required dependencies available. Offending class: [org/springframework/transaction/TransactionDefinition]
04:34:58.396 [main] DEBUG org.springframework.boot.test.context.SpringBootTestContextBootstrapper - Skipping candidate TestExecutionListener [org.springframework.test.context.jdbc.SqlScriptsTestExecutionListener] due to a missing dependency. Specify custom listener classes or make the default listener classes and their required dependencies available. Offending class: [org/springframework/transaction/interceptor/TransactionAttribute]
04:34:58.396 [main] INFO org.springframework.boot.test.context.SpringBootTestContextBootstrapper - Using TestExecutionListeners: [org.springframework.test.context.support.DirtiesContextBeforeModesTestExecutionListener@74f6c5d8, org.springframework.test.context.event.ApplicationEventsTestExecutionListener@27912e3, org.springframework.boot.test.mock.mockito.MockitoTestExecutionListener@34b9f960, org.springframework.boot.test.autoconfigure.SpringBootDependencyInjectionTestExecutionListener@43015c69, org.springframework.test.context.support.DirtiesContextTestExecutionListener@19b89d4, org.springframework.test.context.event.EventPublishingTestExecutionListener@4bbf6d0e, org.springframework.boot.test.mock.mockito.ResetMocksTestExecutionListener@30b6ffe0, org.springframework.boot.test.autoconfigure.restdocs.RestDocsTestExecutionListener@791d1f8b, org.springframework.boot.test.autoconfigure.web.client.MockRestServiceServerResetTestExecutionListener@2415fc55, org.springframework.boot.test.autoconfigure.web.servlet.MockMvcPrintOnlyOnFailureTestExecutionListener@14f232c4, org.springframework.boot.test.autoconfigure.web.servlet.WebDriverTestExecutionListener@13bc8645, org.springframework.boot.test.autoconfigure.webservices.client.MockWebServiceServerTestExecutionListener@24c22fe]
04:34:58.398 [main] DEBUG org.springframework.test.context.support.AbstractDirtiesContextTestExecutionListener - Before test class: context [DefaultTestContext@5e21e98f testClass = SymmetricWrapperTest, testInstance = [null], testMethod = [null], testException = [null], mergedContextConfiguration = [MergedContextConfiguration@51a9ad5e testClass = SymmetricWrapperTest, locations = '{}', classes = '{class com.wrapper.Application}', contextInitializerClasses = '[]', activeProfiles = '{}', propertySourceLocations = '{}', propertySourceProperties = '{org.springframework.boot.test.context.SpringBootTestContextBootstrapper=true}', contextCustomizers = set[org.springframework.boot.test.context.filter.ExcludeFilterContextCustomizer@87a85e1, org.springframework.boot.test.json.DuplicateJsonObjectContextCustomizerFactory$DuplicateJsonObjectContextCustomizer@3c947bc5, org.springframework.boot.test.mock.mockito.MockitoContextCustomizer@0, org.springframework.boot.test.web.client.TestRestTemplateContextCustomizer@4ef37659, org.springframework.boot.test.autoconfigure.actuate.metrics.MetricsExportContextCustomizerFactory$DisableMetricExportContextCustomizer@3541cb24, org.springframework.boot.test.autoconfigure.properties.PropertyMappingContextCustomizer@0, org.springframework.boot.test.autoconfigure.web.servlet.WebDriverContextCustomizerFactory$Customizer@49dc7102, org.springframework.boot.test.context.SpringBootTestArgs@1, org.springframework.boot.test.context.SpringBootTestWebEnvironment@7f13d6e], contextLoader = 'org.springframework.boot.test.context.SpringBootContextLoader', parent = [null]], attributes = map[[empty]]], class annotated with @DirtiesContext [false] with mode [null].
04:34:58.403 [main] DEBUG org.springframework.test.context.support.DependencyInjectionTestExecutionListener - Performing dependency injection for test context [[DefaultTestContext@5e21e98f testClass = SymmetricWrapperTest, testInstance = com.wrapper.service.SymmetricWrapperTest@2fba3fc4, testMethod = [null], testException = [null], mergedContextConfiguration = [MergedContextConfiguration@51a9ad5e testClass = SymmetricWrapperTest, locations = '{}', classes = '{class com.wrapper.Application}', contextInitializerClasses = '[]', activeProfiles = '{}', propertySourceLocations = '{}', propertySourceProperties = '{org.springframework.boot.test.context.SpringBootTestContextBootstrapper=true}', contextCustomizers = set[org.springframework.boot.test.context.filter.ExcludeFilterContextCustomizer@87a85e1, org.springframework.boot.test.json.DuplicateJsonObjectContextCustomizerFactory$DuplicateJsonObjectContextCustomizer@3c947bc5, org.springframework.boot.test.mock.mockito.MockitoContextCustomizer@0, org.springframework.boot.test.web.client.TestRestTemplateContextCustomizer@4ef37659, org.springframework.boot.test.autoconfigure.actuate.metrics.MetricsExportContextCustomizerFactory$DisableMetricExportContextCustomizer@3541cb24, org.springframework.boot.test.autoconfigure.properties.PropertyMappingContextCustomizer@0, org.springframework.boot.test.autoconfigure.web.servlet.WebDriverContextCustomizerFactory$Customizer@49dc7102, org.springframework.boot.test.context.SpringBootTestArgs@1, org.springframework.boot.test.context.SpringBootTestWebEnvironment@7f13d6e], contextLoader = 'org.springframework.boot.test.context.SpringBootContextLoader', parent = [null]], attributes = map['org.springframework.test.context.event.ApplicationEventsTestExecutionListener.recordApplicationEvents' -> false]]].
04:34:58.418 [main] DEBUG org.springframework.test.context.support.TestPropertySourceUtils - Adding inlined properties to environment: {spring.jmx.enabled=false, org.springframework.boot.test.context.SpringBootTestContextBootstrapper=true}

  .   ____          _            __ _ _
 /\\ / ___'_ __ _ _(_)_ __  __ _ \ \ \ \
( ( )\___ | '_ | '_| | '_ \/ _` | \ \ \ \
 \\/  ___)| |_)| | | | | || (_| |  ) ) ) )
  '  |____| .__|_| |_|_| |_\__, | / / / /
 =========|_|==============|___/=/_/_/_/
 :: Spring Boot ::                (v2.5.2)

2023-06-06 04:34:58.768  INFO 90014 --- [           main] c.wrapper.service.SymmetricWrapperTest   : Starting SymmetricWrapperTest using Java 20.0.1 on Ammar-MacBook-Pro.local with PID 90014 (started by AmmarMansuri in /Users/AmmarMansuri/IdeaProjects/tink-try)
2023-06-06 04:34:58.770  INFO 90014 --- [           main] c.wrapper.service.SymmetricWrapperTest   : No active profile set, falling back to default profiles: default
2023-06-06 04:34:59.020  INFO 90014 --- [           main] c.wrapper.service.SymmetricWrapperTest   : Started SymmetricWrapperTest in 0.601 seconds (JVM running for 1.002)
]]></system-out>
  </testcase>
  <testcase name="testSymmetricEncryptionUsingKeyLoading" classname="com.wrapper.service.SymmetricWrapperTest" time="0.002"/>
  <testcase name="testSymmetricEncryptionUsingAllDefaults" classname="com.wrapper.service.SymmetricWrapperTest" time="0.001"/>
  <testcase name="testSymmetricEncryptionUsingDefaultAlgorithm" classname="com.wrapper.service.SymmetricWrapperTest" time="0.001"/>
</testsuite>